<?xml version="1.0" encoding="UTF-8"?>
<!-- Generated by org.testng.reporters.JUnitXMLReporter -->
<testsuite ignored="0" hostname="Hanumant" failures="1" tests="1" name="Default test(failed)" time="5.163" errors="0" timestamp="2022-11-09T07:59:49 IST">
  <testcase classname="com.actitime.testscript.AssertEquals" name="verifyTitle" time="5.137">
    <failure type="java.lang.AssertionError" message="expected [Google] but found [Soogle]">
      <![CDATA[java.lang.AssertionError: expected [Google] but found [Soogle]
at com.actitime.testscript.AssertEquals.verifyTitle(AssertEquals.java:20)
at java.base/java.util.ArrayList.forEach(ArrayList.java:1511)
... Removed 33 stack frames]]>
    </failure>
  </testcase> <!-- verifyTitle -->
</testsuite> <!-- Default test(failed) -->
